Determining if the pthread_create exist failed with the following output:
Change Dir: /homes/gkumar/rl/PrivateModelDevelopment1/build/CMakeFiles/CMakeTmp

Run Build Command:"/usr/bin/make" "cmTC_f75aa/fast"
/usr/bin/make -f CMakeFiles/cmTC_f75aa.dir/build.make CMakeFiles/cmTC_f75aa.dir/build
make[1]: Entering directory '/homes/gkumar/rl/PrivateModelDevelopment1/build/CMakeFiles/CMakeTmp'
Building C object CMakeFiles/cmTC_f75aa.dir/CheckSymbolExists.c.o
/usr/bin/cc     -o CMakeFiles/cmTC_f75aa.dir/CheckSymbolExists.c.o   -c /homes/gkumar/rl/PrivateModelDevelopment1/build/CMakeFiles/CMakeTmp/CheckSymbolExists.c
Linking C executable cmTC_f75aa
/usr/bin/cmake -E cmake_link_script CMakeFiles/cmTC_f75aa.dir/link.txt --verbose=1
/usr/bin/cc       CMakeFiles/cmTC_f75aa.dir/CheckSymbolExists.c.o  -o cmTC_f75aa -rdynamic 
CMakeFiles/cmTC_f75aa.dir/CheckSymbolExists.c.o: In function `main':
CheckSymbolExists.c:(.text+0x16): undefined reference to `pthread_create'
collect2: error: ld returned 1 exit status
CMakeFiles/cmTC_f75aa.dir/build.make:97: recipe for target 'cmTC_f75aa' failed
make[1]: *** [cmTC_f75aa] Error 1
make[1]: Leaving directory '/homes/gkumar/rl/PrivateModelDevelopment1/build/CMakeFiles/CMakeTmp'
Makefile:126: recipe for target 'cmTC_f75aa/fast' failed
make: *** [cmTC_f75aa/fast] Error 2

File /homes/gkumar/rl/PrivateModelDevelopment1/build/CMakeFiles/CMakeTmp/CheckSymbolExists.c:
/* */
#include <pthread.h>

int main(int argc, char** argv)
{
  (void)argv;
#ifndef pthread_create
  return ((int*)(&pthread_create))[argc];
#else
  (void)argc;
  return 0;
#endif
}

Determining if the function pthread_create exists in the pthreads failed with the following output:
Change Dir: /homes/gkumar/rl/PrivateModelDevelopment1/build/CMakeFiles/CMakeTmp

Run Build Command:"/usr/bin/make" "cmTC_8cd84/fast"
/usr/bin/make -f CMakeFiles/cmTC_8cd84.dir/build.make CMakeFiles/cmTC_8cd84.dir/build
make[1]: Entering directory '/homes/gkumar/rl/PrivateModelDevelopment1/build/CMakeFiles/CMakeTmp'
Building C object CMakeFiles/cmTC_8cd84.dir/CheckFunctionExists.c.o
/usr/bin/cc    -DCHECK_FUNCTION_EXISTS=pthread_create   -o CMakeFiles/cmTC_8cd84.dir/CheckFunctionExists.c.o   -c /usr/share/cmake-3.5/Modules/CheckFunctionExists.c
Linking C executable cmTC_8cd84
/usr/bin/cmake -E cmake_link_script CMakeFiles/cmTC_8cd84.dir/link.txt --verbose=1
/usr/bin/cc   -DCHECK_FUNCTION_EXISTS=pthread_create    CMakeFiles/cmTC_8cd84.dir/CheckFunctionExists.c.o  -o cmTC_8cd84 -rdynamic -lpthreads 
/usr/bin/ld: cannot find -lpthreads
collect2: error: ld returned 1 exit status
CMakeFiles/cmTC_8cd84.dir/build.make:97: recipe for target 'cmTC_8cd84' failed
make[1]: *** [cmTC_8cd84] Error 1
make[1]: Leaving directory '/homes/gkumar/rl/PrivateModelDevelopment1/build/CMakeFiles/CMakeTmp'
Makefile:126: recipe for target 'cmTC_8cd84/fast' failed
make: *** [cmTC_8cd84/fast] Error 2


